<?xml version="1.0" encoding="UTF-8"?>
<testng-results ignored="0" total="1" passed="1" failed="0" skipped="0">
  <reporter-output>
  </reporter-output>
  <suite started-at="2020-06-30T17:54:48 EEST" name="UdemyWeb" finished-at="2020-06-30T17:55:01 EEST" duration-ms="12862">
    <groups>
    </groups>
    <test started-at="2020-06-30T17:54:48 EEST" name="Change profile data" finished-at="2020-06-30T17:55:01 EEST" duration-ms="12862">
      <class name="com.udemy.ProfileTest">
        <test-method is-config="true" signature="openBrowser()[pri:0, instance:com.udemy.ProfileTest@4386f16]" started-at="2020-06-30T17:54:48 EEST" name="openBrowser" description="Open browser" finished-at="2020-06-30T17:54:49 EEST" duration-ms="977" status="PASS">
          <reporter-output>
          </reporter-output>
        </test-method> <!-- openBrowser -->
        <test-method signature="checkProfileDataAfterEdit()[pri:0, instance:com.udemy.ProfileTest@4386f16]" started-at="2020-06-30T17:54:49 EEST" name="checkProfileDataAfterEdit" description="Change profile data" finished-at="2020-06-30T17:55:01 EEST" duration-ms="11763" status="PASS">
          <reporter-output>
          </reporter-output>
        </test-method> <!-- checkProfileDataAfterEdit -->
        <test-method is-config="true" signature="closeBrowser()[pri:0, instance:com.udemy.ProfileTest@4386f16]" started-at="2020-06-30T17:55:01 EEST" name="closeBrowser" description="Close browser" finished-at="2020-06-30T17:55:01 EEST" duration-ms="94" status="PASS">
          <reporter-output>
          </reporter-output>
        </test-method> <!-- closeBrowser -->
      </class> <!-- com.udemy.ProfileTest -->
    </test> <!-- Change profile data -->
  </suite> <!-- UdemyWeb -->
</testng-results>
